# JRE version: Java(TM) SE Runtime Environment (8.0_161-b12) (build 1.8.0_161-b12)
# Java VM: Java HotSpot(TM) 64-Bit Server VM (25.161-b12 mixed mode windows-amd64 compressed oops)
Heap:
 PSYoungGen      total 416256K, used 251213K [0x000000076c800000, 0x000000078e980000, 0x00000007c0000000)
  eden space 376320K, 56% used [0x000000076c800000,0x0000000779656118,0x0000000783780000)
  from space 39936K, 99% used [0x0000000783780000,0x0000000785e7d348,0x0000000785e80000)
  to   space 48640K, 0% used [0x000000078ba00000,0x000000078ba00000,0x000000078e980000)
 ParOldGen       total 245760K, used 60691K [0x00000006c5800000, 0x00000006d4800000, 0x000000076c800000)
  object space 245760K, 24% used [0x00000006c5800000,0x00000006c9344f78,0x00000006d4800000)
 Metaspace       used 89558K, capacity 93286K, committed 93568K, reserved 1130496K
  class space    used 11212K, capacity 11835K, committed 11904K, reserved 1048576K
GC Heap History (10 events):
Event: 12.701 GC heap before
{Heap before GC invocations=14 (full 3):
 PSYoungGen      total 295424K, used 272896K [0x000000076c800000, 0x0000000781e00000, 0x00000007c0000000)
  eden space 272896K, 100% used [0x000000076c800000,0x000000077d280000,0x000000077d280000)
  from space 22528K, 0% used [0x000000077eb00000,0x000000077eb00000,0x0000000780100000)
  to   space 25088K, 0% used [0x000000077d280000,0x000000077d280000,0x000000077eb00000)
 ParOldGen       total 245760K, used 38458K [0x00000006c5800000, 0x00000006d4800000, 0x000000076c800000)
  object space 245760K, 15% used [0x00000006c5800000,0x00000006c7d8e9b8,0x00000006d4800000)
 Metaspace       used 64332K, capacity 66192K, committed 66432K, reserved 1107968K
  class space    used 8346K, capacity 8714K, committed 8832K, reserved 1048576K
Event: 12.713 GC heap after
Heap after GC invocations=14 (full 3):
 PSYoungGen      total 297984K, used 12929K [0x000000076c800000, 0x0000000783200000, 0x00000007c0000000)
  eden space 272896K, 0% used [0x000000076c800000,0x000000076c800000,0x000000077d280000)
  from space 25088K, 51% used [0x000000077d280000,0x000000077df20418,0x000000077eb00000)
  to   space 24064K, 0% used [0x0000000781a80000,0x0000000781a80000,0x0000000783200000)
 ParOldGen       total 245760K, used 38466K [0x00000006c5800000, 0x00000006d4800000, 0x000000076c800000)
  object space 245760K, 15% used [0x00000006c5800000,0x00000006c7d909b8,0x00000006d4800000)
 Metaspace       used 64332K, capacity 66192K, committed 66432K, reserved 1107968K
  class space    used 8346K, capacity 8714K, committed 8832K, reserved 1048576K
}
Event: 14.781 GC heap before
{Heap before GC invocations=15 (full 3):
 PSYoungGen      total 297984K, used 285825K [0x000000076c800000, 0x0000000783200000, 0x00000007c0000000)
  eden space 272896K, 100% used [0x000000076c800000,0x000000077d280000,0x000000077d280000)
  from space 25088K, 51% used [0x000000077d280000,0x000000077df20418,0x000000077eb00000)
  to   space 24064K, 0% used [0x0000000781a80000,0x0000000781a80000,0x0000000783200000)
 ParOldGen       total 245760K, used 38466K [0x00000006c5800000, 0x00000006d4800000, 0x000000076c800000)
  object space 245760K, 15% used [0x00000006c5800000,0x00000006c7d909b8,0x00000006d4800000)
 Metaspace       used 71724K, capacity 74280K, committed 74496K, reserved 1114112K
  class space    used 9266K, capacity 9726K, committed 9728K, reserved 1048576K
Event: 14.805 GC heap after
Heap after GC invocations=15 (full 3):
 PSYoungGen      total 344576K, used 21353K [0x000000076c800000, 0x0000000783680000, 0x00000007c0000000)
  eden space 320512K, 0% used [0x000000076c800000,0x000000076c800000,0x0000000780100000)
  from space 24064K, 88% used [0x0000000781a80000,0x0000000782f5a4b8,0x0000000783200000)
  to   space 26112K, 0% used [0x0000000780100000,0x0000000780100000,0x0000000781a80000)
 ParOldGen       total 245760K, used 38482K [0x00000006c5800000, 0x00000006d4800000, 0x000000076c800000)
  object space 245760K, 15% used [0x00000006c5800000,0x00000006c7d949b8,0x00000006d4800000)
 Metaspace       used 71724K, capacity 74280K, committed 74496K, reserved 1114112K
  class space    used 9266K, capacity 9726K, committed 9728K, reserved 1048576K
}
Event: 17.173 GC heap before
{Heap before GC invocations=16 (full 3):
 PSYoungGen      total 344576K, used 341865K [0x000000076c800000, 0x0000000783680000, 0x00000007c0000000)
  eden space 320512K, 100% used [0x000000076c800000,0x0000000780100000,0x0000000780100000)
  from space 24064K, 88% used [0x0000000781a80000,0x0000000782f5a4b8,0x0000000783200000)
  to   space 26112K, 0% used [0x0000000780100000,0x0000000780100000,0x0000000781a80000)
 ParOldGen       total 245760K, used 38482K [0x00000006c5800000, 0x00000006d4800000, 0x000000076c800000)
  object space 245760K, 15% used [0x00000006c5800000,0x00000006c7d949b8,0x00000006d4800000)
 Metaspace       used 76316K, capacity 79128K, committed 79232K, reserved 1118208K
  class space    used 9541K, capacity 10052K, committed 10112K, reserved 1048576K
Event: 17.214 GC heap after
Heap after GC invocations=16 (full 3):
 PSYoungGen      total 346624K, used 26096K [0x000000076c800000, 0x0000000787d80000, 0x00000007c0000000)
  eden space 320512K, 0% used [0x000000076c800000,0x000000076c800000,0x0000000780100000)
  from space 26112K, 99% used [0x0000000780100000,0x0000000781a7c0c0,0x0000000781a80000)
  to   space 31744K, 0% used [0x0000000785e80000,0x0000000785e80000,0x0000000787d80000)
 ParOldGen       total 245760K, used 44262K [0x00000006c5800000, 0x00000006d4800000, 0x000000076c800000)
  object space 245760K, 18% used [0x00000006c5800000,0x00000006c8339848,0x00000006d4800000)
 Metaspace       used 76316K, capacity 79128K, committed 79232K, reserved 1118208K
  class space    used 9541K, capacity 10052K, committed 10112K, reserved 1048576K
}
Event: 19.373 GC heap before
{Heap before GC invocations=17 (full 3):
 PSYoungGen      total 346624K, used 346608K [0x000000076c800000, 0x0000000787d80000, 0x00000007c0000000)
  eden space 320512K, 100% used [0x000000076c800000,0x0000000780100000,0x0000000780100000)
  from space 26112K, 99% used [0x0000000780100000,0x0000000781a7c0c0,0x0000000781a80000)
  to   space 31744K, 0% used [0x0000000785e80000,0x0000000785e80000,0x0000000787d80000)
 ParOldGen       total 245760K, used 44262K [0x00000006c5800000, 0x00000006d4800000, 0x000000076c800000)
  object space 245760K, 18% used [0x00000006c5800000,0x00000006c8339848,0x00000006d4800000)
 Metaspace       used 80588K, capacity 83828K, committed 84096K, reserved 1122304K
  class space    used 10024K, capacity 10598K, committed 10624K, reserved 1048576K
Event: 19.412 GC heap after
Heap after GC invocations=17 (full 3):
 PSYoungGen      total 408064K, used 31712K [0x000000076c800000, 0x0000000789180000, 0x00000007c0000000)
  eden space 376320K, 0% used [0x000000076c800000,0x000000076c800000,0x0000000783780000)
  from space 31744K, 99% used [0x0000000785e80000,0x0000000787d780d0,0x0000000787d80000)
  to   space 39936K, 0% used [0x0000000783780000,0x0000000783780000,0x0000000785e80000)
 ParOldGen       total 245760K, used 53695K [0x00000006c5800000, 0x00000006d4800000, 0x000000076c800000)
  object space 245760K, 21% used [0x00000006c5800000,0x00000006c8c6fc38,0x00000006d4800000)
 Metaspace       used 80588K, capacity 83828K, committed 84096K, reserved 1122304K
  class space    used 10024K, capacity 10598K, committed 10624K, reserved 1048576K
}
Event: 21.548 GC heap before
{Heap before GC invocations=18 (full 3):
 PSYoungGen      total 408064K, used 408032K [0x000000076c800000, 0x0000000789180000, 0x00000007c0000000)
  eden space 376320K, 100% used [0x000000076c800000,0x0000000783780000,0x0000000783780000)
  from space 31744K, 99% used [0x0000000785e80000,0x0000000787d780d0,0x0000000787d80000)
  to   space 39936K, 0% used [0x0000000783780000,0x0000000783780000,0x0000000785e80000)
 ParOldGen       total 245760K, used 53695K [0x00000006c5800000, 0x00000006d4800000, 0x000000076c800000)
  object space 245760K, 21% used [0x00000006c5800000,0x00000006c8c6fc38,0x00000006d4800000)
 Metaspace       used 84755K, capacity 88396K, committed 88704K, reserved 1126400K
  class space    used 10662K, capacity 11280K, committed 11392K, reserved 1048576K
Event: 21.591 GC heap after
Heap after GC invocations=18 (full 3):
 PSYoungGen      total 416256K, used 39924K [0x000000076c800000, 0x000000078e980000, 0x00000007c0000000)
  eden space 376320K, 0% used [0x000000076c800000,0x000000076c800000,0x0000000783780000)
  from space 39936K, 99% used [0x0000000783780000,0x0000000785e7d348,0x0000000785e80000)
  to   space 48640K, 0% used [0x000000078ba00000,0x000000078ba00000,0x000000078e980000)
 ParOldGen       total 245760K, used 60691K [0x00000006c5800000, 0x00000006d4800000, 0x000000076c800000)
  object space 245760K, 24% used [0x00000006c5800000,0x00000006c9344f78,0x00000006d4800000)
 Metaspace       used 84755K, capacity 88396K, committed 88704K, reserved 1126400K
  class space    used 10662K, capacity 11280K, committed 11392K, reserved 1048576K
}

