# JRE version: Java(TM) SE Runtime Environment (8.0_161-b12) (build 1.8.0_161-b12)
# Java VM: Java HotSpot(TM) 64-Bit Server VM (25.161-b12 mixed mode windows-amd64 compressed oops)
Heap:
 PSYoungGen      total 442880K, used 80061K [0x000000076c800000, 0x0000000790980000, 0x00000007c0000000)
  eden space 402432K, 9% used [0x000000076c800000,0x000000076eeb3420,0x0000000785100000)
  from space 40448K, 99% used [0x0000000785100000,0x000000078787c100,0x0000000787880000)
  to   space 49664K, 0% used [0x000000078d900000,0x000000078d900000,0x0000000790980000)
 ParOldGen       total 236544K, used 61662K [0x00000006c5800000, 0x00000006d3f00000, 0x000000076c800000)
  object space 236544K, 26% used [0x00000006c5800000,0x00000006c9437bd0,0x00000006d3f00000)
 Metaspace       used 86988K, capacity 90678K, committed 91008K, reserved 1128448K
  class space    used 10930K, capacity 11557K, committed 11648K, reserved 1048576K
GC Heap History (10 events):
Event: 12.453 GC heap before
{Heap before GC invocations=14 (full 3):
 PSYoungGen      total 307200K, used 285184K [0x000000076c800000, 0x0000000782980000, 0x00000007c0000000)
  eden space 285184K, 100% used [0x000000076c800000,0x000000077de80000,0x000000077de80000)
  from space 22016K, 0% used [0x000000077f680000,0x000000077f680000,0x0000000780c00000)
  to   space 24576K, 0% used [0x000000077de80000,0x000000077de80000,0x000000077f680000)
 ParOldGen       total 236544K, used 38603K [0x00000006c5800000, 0x00000006d3f00000, 0x000000076c800000)
  object space 236544K, 16% used [0x00000006c5800000,0x00000006c7db2fb8,0x00000006d3f00000)
 Metaspace       used 64367K, capacity 66224K, committed 66432K, reserved 1107968K
  class space    used 8350K, capacity 8746K, committed 8832K, reserved 1048576K
Event: 12.464 GC heap after
Heap after GC invocations=14 (full 3):
 PSYoungGen      total 309760K, used 12985K [0x000000076c800000, 0x0000000784480000, 0x00000007c0000000)
  eden space 285184K, 0% used [0x000000076c800000,0x000000076c800000,0x000000077de80000)
  from space 24576K, 52% used [0x000000077de80000,0x000000077eb2e538,0x000000077f680000)
  to   space 23552K, 0% used [0x0000000782d80000,0x0000000782d80000,0x0000000784480000)
 ParOldGen       total 236544K, used 38611K [0x00000006c5800000, 0x00000006d3f00000, 0x000000076c800000)
  object space 236544K, 16% used [0x00000006c5800000,0x00000006c7db4fb8,0x00000006d3f00000)
 Metaspace       used 64367K, capacity 66224K, committed 66432K, reserved 1107968K
  class space    used 8350K, capacity 8746K, committed 8832K, reserved 1048576K
}
Event: 14.447 GC heap before
{Heap before GC invocations=15 (full 3):
 PSYoungGen      total 309760K, used 298169K [0x000000076c800000, 0x0000000784480000, 0x00000007c0000000)
  eden space 285184K, 100% used [0x000000076c800000,0x000000077de80000,0x000000077de80000)
  from space 24576K, 52% used [0x000000077de80000,0x000000077eb2e538,0x000000077f680000)
  to   space 23552K, 0% used [0x0000000782d80000,0x0000000782d80000,0x0000000784480000)
 ParOldGen       total 236544K, used 38611K [0x00000006c5800000, 0x00000006d3f00000, 0x000000076c800000)
  object space 236544K, 16% used [0x00000006c5800000,0x00000006c7db4fb8,0x00000006d3f00000)
 Metaspace       used 72371K, capacity 74918K, committed 75136K, reserved 1114112K
  class space    used 9342K, capacity 9799K, committed 9856K, reserved 1048576K
Event: 14.469 GC heap after
Heap after GC invocations=15 (full 3):
 PSYoungGen      total 363008K, used 22901K [0x000000076c800000, 0x0000000784a80000, 0x00000007c0000000)
  eden space 339456K, 0% used [0x000000076c800000,0x000000076c800000,0x0000000781380000)
  from space 23552K, 97% used [0x0000000782d80000,0x00000007843dd6a8,0x0000000784480000)
  to   space 26624K, 0% used [0x0000000781380000,0x0000000781380000,0x0000000782d80000)
 ParOldGen       total 236544K, used 38619K [0x00000006c5800000, 0x00000006d3f00000, 0x000000076c800000)
  object space 236544K, 16% used [0x00000006c5800000,0x00000006c7db6fb8,0x00000006d3f00000)
 Metaspace       used 72371K, capacity 74918K, committed 75136K, reserved 1114112K
  class space    used 9342K, capacity 9799K, committed 9856K, reserved 1048576K
}
Event: 16.757 GC heap before
{Heap before GC invocations=16 (full 3):
 PSYoungGen      total 363008K, used 362357K [0x000000076c800000, 0x0000000784a80000, 0x00000007c0000000)
  eden space 339456K, 100% used [0x000000076c800000,0x0000000781380000,0x0000000781380000)
  from space 23552K, 97% used [0x0000000782d80000,0x00000007843dd6a8,0x0000000784480000)
  to   space 26624K, 0% used [0x0000000781380000,0x0000000781380000,0x0000000782d80000)
 ParOldGen       total 236544K, used 38619K [0x00000006c5800000, 0x00000006d3f00000, 0x000000076c800000)
  object space 236544K, 16% used [0x00000006c5800000,0x00000006c7db6fb8,0x00000006d3f00000)
 Metaspace       used 76758K, capacity 79566K, committed 79744K, reserved 1118208K
  class space    used 9571K, capacity 10099K, committed 10112K, reserved 1048576K
Event: 16.790 GC heap after
Heap after GC invocations=16 (full 3):
 PSYoungGen      total 366080K, used 26592K [0x000000076c800000, 0x0000000789880000, 0x00000007c0000000)
  eden space 339456K, 0% used [0x000000076c800000,0x000000076c800000,0x0000000781380000)
  from space 26624K, 99% used [0x0000000781380000,0x0000000782d780b0,0x0000000782d80000)
  to   space 32768K, 0% used [0x0000000787880000,0x0000000787880000,0x0000000789880000)
 ParOldGen       total 236544K, used 45296K [0x00000006c5800000, 0x00000006d3f00000, 0x000000076c800000)
  object space 236544K, 19% used [0x00000006c5800000,0x00000006c843c108,0x00000006d3f00000)
 Metaspace       used 76758K, capacity 79566K, committed 79744K, reserved 1118208K
  class space    used 9571K, capacity 10099K, committed 10112K, reserved 1048576K
}
Event: 18.966 GC heap before
{Heap before GC invocations=17 (full 3):
 PSYoungGen      total 366080K, used 366048K [0x000000076c800000, 0x0000000789880000, 0x00000007c0000000)
  eden space 339456K, 100% used [0x000000076c800000,0x0000000781380000,0x0000000781380000)
  from space 26624K, 99% used [0x0000000781380000,0x0000000782d780b0,0x0000000782d80000)
  to   space 32768K, 0% used [0x0000000787880000,0x0000000787880000,0x0000000789880000)
 ParOldGen       total 236544K, used 45296K [0x00000006c5800000, 0x00000006d3f00000, 0x000000076c800000)
  object space 236544K, 19% used [0x00000006c5800000,0x00000006c843c108,0x00000006d3f00000)
 Metaspace       used 81166K, capacity 84410K, committed 84480K, reserved 1122304K
  class space    used 10113K, capacity 10683K, committed 10752K, reserved 1048576K
Event: 19.003 GC heap after
Heap after GC invocations=17 (full 3):
 PSYoungGen      total 435200K, used 32756K [0x000000076c800000, 0x000000078ab80000, 0x00000007c0000000)
  eden space 402432K, 0% used [0x000000076c800000,0x000000076c800000,0x0000000785100000)
  from space 32768K, 99% used [0x0000000787880000,0x000000078987d2e8,0x0000000789880000)
  to   space 40448K, 0% used [0x0000000785100000,0x0000000785100000,0x0000000787880000)
 ParOldGen       total 236544K, used 53876K [0x00000006c5800000, 0x00000006d3f00000, 0x000000076c800000)
  object space 236544K, 22% used [0x00000006c5800000,0x00000006c8c9d068,0x00000006d3f00000)
 Metaspace       used 81166K, capacity 84410K, committed 84480K, reserved 1122304K
  class space    used 10113K, capacity 10683K, committed 10752K, reserved 1048576K
}
Event: 21.636 GC heap before
{Heap before GC invocations=18 (full 3):
 PSYoungGen      total 435200K, used 435188K [0x000000076c800000, 0x000000078ab80000, 0x00000007c0000000)
  eden space 402432K, 100% used [0x000000076c800000,0x0000000785100000,0x0000000785100000)
  from space 32768K, 99% used [0x0000000787880000,0x000000078987d2e8,0x0000000789880000)
  to   space 40448K, 0% used [0x0000000785100000,0x0000000785100000,0x0000000787880000)
 ParOldGen       total 236544K, used 53876K [0x00000006c5800000, 0x00000006d3f00000, 0x000000076c800000)
  object space 236544K, 22% used [0x00000006c5800000,0x00000006c8c9d068,0x00000006d3f00000)
 Metaspace       used 86784K, capacity 90480K, committed 90752K, reserved 1128448K
  class space    used 10929K, capacity 11556K, committed 11648K, reserved 1048576K
Event: 21.674 GC heap after
Heap after GC invocations=18 (full 3):
 PSYoungGen      total 442880K, used 40432K [0x000000076c800000, 0x0000000790980000, 0x00000007c0000000)
  eden space 402432K, 0% used [0x000000076c800000,0x000000076c800000,0x0000000785100000)
  from space 40448K, 99% used [0x0000000785100000,0x000000078787c100,0x0000000787880000)
  to   space 49664K, 0% used [0x000000078d900000,0x000000078d900000,0x0000000790980000)
 ParOldGen       total 236544K, used 61662K [0x00000006c5800000, 0x00000006d3f00000, 0x000000076c800000)
  object space 236544K, 26% used [0x00000006c5800000,0x00000006c9437bd0,0x00000006d3f00000)
 Metaspace       used 86784K, capacity 90480K, committed 90752K, reserved 1128448K
  class space    used 10929K, capacity 11556K, committed 11648K, reserved 1048576K
}

