# JRE version: Java(TM) SE Runtime Environment (8.0_161-b12) (build 1.8.0_161-b12)
# Java VM: Java HotSpot(TM) 64-Bit Server VM (25.161-b12 mixed mode windows-amd64 compressed oops)
Heap:
 PSYoungGen      total 651264K, used 202038K [0x000000076c800000, 0x0000000797b80000, 0x00000007c0000000)
  eden space 619008K, 27% used [0x000000076c800000,0x0000000776dd4540,0x0000000792480000)
  from space 32256K, 99% used [0x0000000794d00000,0x0000000796c79318,0x0000000796c80000)
  to   space 41472K, 0% used [0x0000000792480000,0x0000000792480000,0x0000000794d00000)
 ParOldGen       total 179712K, used 68442K [0x00000006c5800000, 0x00000006d0780000, 0x000000076c800000)
  object space 179712K, 38% used [0x00000006c5800000,0x00000006c9ad6a20,0x00000006d0780000)
 Metaspace       used 84681K, capacity 88331K, committed 88444K, reserved 1126400K
  class space    used 10651K, capacity 11280K, committed 11392K, reserved 1048576K
GC Heap History (10 events):
Event: 11.532 GC heap before
{Heap before GC invocations=11 (full 2):
 PSYoungGen      total 382464K, used 280833K [0x000000076c800000, 0x0000000787100000, 0x00000007c0000000)
  eden space 369664K, 72% used [0x000000076c800000,0x000000077ce24440,0x0000000783100000)
  from space 12800K, 96% used [0x0000000786480000,0x000000078709c110,0x0000000787100000)
  to   space 18944K, 0% used [0x0000000784c00000,0x0000000784c00000,0x0000000785e80000)
 ParOldGen       total 130560K, used 25042K [0x00000006c5800000, 0x00000006cd780000, 0x000000076c800000)
  object space 130560K, 19% used [0x00000006c5800000,0x00000006c7074960,0x00000006cd780000)
 Metaspace       used 58079K, capacity 59759K, committed 60080K, reserved 1101824K
  class space    used 7498K, capacity 7858K, committed 7936K, reserved 1048576K
Event: 11.562 GC heap after
Heap after GC invocations=11 (full 2):
 PSYoungGen      total 416256K, used 18938K [0x000000076c800000, 0x000000078d900000, 0x00000007c0000000)
  eden space 397312K, 0% used [0x000000076c800000,0x000000076c800000,0x0000000784c00000)
  from space 18944K, 99% used [0x0000000784c00000,0x0000000785e7ea60,0x0000000785e80000)
  to   space 24064K, 0% used [0x000000078c180000,0x000000078c180000,0x000000078d900000)
 ParOldGen       total 130560K, used 31913K [0x00000006c5800000, 0x00000006cd780000, 0x000000076c800000)
  object space 130560K, 24% used [0x00000006c5800000,0x00000006c772a6d8,0x00000006cd780000)
 Metaspace       used 58079K, capacity 59759K, committed 60080K, reserved 1101824K
  class space    used 7498K, capacity 7858K, committed 7936K, reserved 1048576K
}
Event: 11.562 GC heap before
{Heap before GC invocations=12 (full 3):
 PSYoungGen      total 416256K, used 18938K [0x000000076c800000, 0x000000078d900000, 0x00000007c0000000)
  eden space 397312K, 0% used [0x000000076c800000,0x000000076c800000,0x0000000784c00000)
  from space 18944K, 99% used [0x0000000784c00000,0x0000000785e7ea60,0x0000000785e80000)
  to   space 24064K, 0% used [0x000000078c180000,0x000000078c180000,0x000000078d900000)
 ParOldGen       total 130560K, used 31913K [0x00000006c5800000, 0x00000006cd780000, 0x000000076c800000)
  object space 130560K, 24% used [0x00000006c5800000,0x00000006c772a6d8,0x00000006cd780000)
 Metaspace       used 58079K, capacity 59759K, committed 60080K, reserved 1101824K
  class space    used 7498K, capacity 7858K, committed 7936K, reserved 1048576K
Event: 11.719 GC heap after
Heap after GC invocations=12 (full 3):
 PSYoungGen      total 416256K, used 0K [0x000000076c800000, 0x000000078d900000, 0x00000007c0000000)
  eden space 397312K, 0% used [0x000000076c800000,0x000000076c800000,0x0000000784c00000)
  from space 18944K, 0% used [0x0000000784c00000,0x0000000784c00000,0x0000000785e80000)
  to   space 24064K, 0% used [0x000000078c180000,0x000000078c180000,0x000000078d900000)
 ParOldGen       total 179712K, used 43841K [0x00000006c5800000, 0x00000006d0780000, 0x000000076c800000)
  object space 179712K, 24% used [0x00000006c5800000,0x00000006c82d0638,0x00000006d0780000)
 Metaspace       used 58079K, capacity 59759K, committed 60080K, reserved 1101824K
  class space    used 7498K, capacity 7858K, committed 7936K, reserved 1048576K
}
Event: 15.112 GC heap before
{Heap before GC invocations=13 (full 3):
 PSYoungGen      total 416256K, used 397312K [0x000000076c800000, 0x000000078d900000, 0x00000007c0000000)
  eden space 397312K, 100% used [0x000000076c800000,0x0000000784c00000,0x0000000784c00000)
  from space 18944K, 0% used [0x0000000784c00000,0x0000000784c00000,0x0000000785e80000)
  to   space 24064K, 0% used [0x000000078c180000,0x000000078c180000,0x000000078d900000)
 ParOldGen       total 179712K, used 43841K [0x00000006c5800000, 0x00000006d0780000, 0x000000076c800000)
  object space 179712K, 24% used [0x00000006c5800000,0x00000006c82d0638,0x00000006d0780000)
 Metaspace       used 66235K, capacity 68131K, committed 68476K, reserved 1107968K
  class space    used 8587K, capacity 8976K, committed 9088K, reserved 1048576K
Event: 15.126 GC heap after
Heap after GC invocations=13 (full 3):
 PSYoungGen      total 517120K, used 16299K [0x000000076c800000, 0x000000078eb00000, 0x00000007c0000000)
  eden space 493056K, 0% used [0x000000076c800000,0x000000076c800000,0x000000078a980000)
  from space 24064K, 67% used [0x000000078c180000,0x000000078d16ad70,0x000000078d900000)
  to   space 24576K, 0% used [0x000000078a980000,0x000000078a980000,0x000000078c180000)
 ParOldGen       total 179712K, used 43849K [0x00000006c5800000, 0x00000006d0780000, 0x000000076c800000)
  object space 179712K, 24% used [0x00000006c5800000,0x00000006c82d2638,0x00000006d0780000)
 Metaspace       used 66235K, capacity 68131K, committed 68476K, reserved 1107968K
  class space    used 8587K, capacity 8976K, committed 9088K, reserved 1048576K
}
Event: 19.364 GC heap before
{Heap before GC invocations=14 (full 3):
 PSYoungGen      total 517120K, used 509355K [0x000000076c800000, 0x000000078eb00000, 0x00000007c0000000)
  eden space 493056K, 100% used [0x000000076c800000,0x000000078a980000,0x000000078a980000)
  from space 24064K, 67% used [0x000000078c180000,0x000000078d16ad70,0x000000078d900000)
  to   space 24576K, 0% used [0x000000078a980000,0x000000078a980000,0x000000078c180000)
 ParOldGen       total 179712K, used 43849K [0x00000006c5800000, 0x00000006d0780000, 0x000000076c800000)
  object space 179712K, 24% used [0x00000006c5800000,0x00000006c82d2638,0x00000006d0780000)
 Metaspace       used 76730K, capacity 79561K, committed 79740K, reserved 1118208K
  class space    used 9567K, capacity 10099K, committed 10112K, reserved 1048576K
Event: 19.419 GC heap after
Heap after GC invocations=14 (full 3):
 PSYoungGen      total 517632K, used 24560K [0x000000076c800000, 0x0000000796c80000, 0x00000007c0000000)
  eden space 493056K, 0% used [0x000000076c800000,0x000000076c800000,0x000000078a980000)
  from space 24576K, 99% used [0x000000078a980000,0x000000078c17c090,0x000000078c180000)
  to   space 32256K, 0% used [0x0000000794d00000,0x0000000794d00000,0x0000000796c80000)
 ParOldGen       total 179712K, used 55749K [0x00000006c5800000, 0x00000006d0780000, 0x000000076c800000)
  object space 179712K, 31% used [0x00000006c5800000,0x00000006c8e717a0,0x00000006d0780000)
 Metaspace       used 76730K, capacity 79561K, committed 79740K, reserved 1118208K
  class space    used 9567K, capacity 10099K, committed 10112K, reserved 1048576K
}
Event: 23.085 GC heap before
{Heap before GC invocations=15 (full 3):
 PSYoungGen      total 517632K, used 517616K [0x000000076c800000, 0x0000000796c80000, 0x00000007c0000000)
  eden space 493056K, 100% used [0x000000076c800000,0x000000078a980000,0x000000078a980000)
  from space 24576K, 99% used [0x000000078a980000,0x000000078c17c090,0x000000078c180000)
  to   space 32256K, 0% used [0x0000000794d00000,0x0000000794d00000,0x0000000796c80000)
 ParOldGen       total 179712K, used 55749K [0x00000006c5800000, 0x00000006d0780000, 0x000000076c800000)
  object space 179712K, 31% used [0x00000006c5800000,0x00000006c8e717a0,0x00000006d0780000)
 Metaspace       used 83900K, capacity 87487K, committed 87804K, reserved 1126400K
  class space    used 10525K, capacity 11138K, committed 11264K, reserved 1048576K
Event: 23.136 GC heap after
Heap after GC invocations=15 (full 3):
 PSYoungGen      total 651264K, used 32228K [0x000000076c800000, 0x0000000797b80000, 0x00000007c0000000)
  eden space 619008K, 0% used [0x000000076c800000,0x000000076c800000,0x0000000792480000)
  from space 32256K, 99% used [0x0000000794d00000,0x0000000796c79318,0x0000000796c80000)
  to   space 41472K, 0% used [0x0000000792480000,0x0000000792480000,0x0000000794d00000)
 ParOldGen       total 179712K, used 68442K [0x00000006c5800000, 0x00000006d0780000, 0x000000076c800000)
  object space 179712K, 38% used [0x00000006c5800000,0x00000006c9ad6a20,0x00000006d0780000)
 Metaspace       used 83900K, capacity 87487K, committed 87804K, reserved 1126400K
  class space    used 10525K, capacity 11138K, committed 11264K, reserved 1048576K
}

